0 info it worked if it ends with ok
1 verbose cli [ '/usr/bin/node', '/usr/bin/npm', 'run', 'server' ]
2 info using npm@3.5.2
3 info using node@v8.10.0
4 verbose run-script [ 'preserver', 'server', 'postserver' ]
5 info lifecycle mern-social-network@1.0.0~preserver: mern-social-network@1.0.0
6 silly lifecycle mern-social-network@1.0.0~preserver: no script for preserver, continuing
7 info lifecycle mern-social-network@1.0.0~server: mern-social-network@1.0.0
8 verbose lifecycle mern-social-network@1.0.0~server: unsafe-perm in lifecycle true
9 verbose lifecycle mern-social-network@1.0.0~server: PATH: /usr/share/npm/bin/node-gyp-bin:/mnt/c/Users/teome/GoogleDrive/projects/MERN-Social-Network/node_modules/.bin:/usr/share/npm/bin/node-gyp-bin:/mnt/c/Users/teome/GoogleDrive/projects/MERN-Social-Network/node_modules/.bin:usr/bin/java:/home/tsm/anaconda3/condabin:/usr/local/sbin:/usr/local/bin:/usr/sbin:/usr/bin:/sbin:/bin:/usr/games:/usr/local/games:/mnt/c/Program Files/Git/usr/local/bin:/mnt/c/Program Files/Git/bin:/mnt/c/Program Files/Java/jdk-11.0.2/bin:/mnt/c/Program Files/NVIDIA GPU Computing Toolkit/CUDA/v10.2/bin:/mnt/c/Program Files/NVIDIA GPU Computing Toolkit/CUDA/v10.2/libnvvp:/mnt/c/Program Files (x86)/Common Files/Oracle/Java/javapath:/mnt/c/WINDOWS/system32:/mnt/c/WINDOWS:/mnt/c/WINDOWS/System32/Wbem:/mnt/c/WINDOWS/System32/WindowsPowerShell/v1.0/:/mnt/c/WINDOWS/System32/OpenSSH/:/mnt/c/Program Files (x86)/NVIDIA Corporation/PhysX/Common:/mnt/c/Program Files/NVIDIA Corporation/NVIDIA NvDLISR:/mnt/c/WINDOWS/system32:/mnt/c/WINDOWS:/mnt/c/WINDOWS/System32/Wbem:/mnt/c/WINDOWS/System32/WindowsPowerShell/v1.0/:/mnt/c/WINDOWS/System32/OpenSSH/:/mnt/c/Program Files/MySQL/MySQL Server 8.0/bin:/mnt/c/Program Files/NVIDIA Corporation/Nsight Compute 2019.5.0/:/mnt/c/Program Files/Java/jdk1.8.0_241/bin:/mnt/c/ProgramData/chocolatey/bin:/mnt/c/Program Files/Git/cmd:/mnt/c/Program Files/Docker/Docker/resources/bin:/mnt/c/ProgramData/DockerDesktop/version-bin:/mnt/c/Program Files/Git/usr/local/bin:/mnt/c/Program Files/Git/bin:/mnt/c/Program Files/Java/jdk-11.0.2/bin:/mnt/c/Program Files/NVIDIA GPU Computing Toolkit/CUDA/v10.2/bin:/mnt/c/Program Files/NVIDIA GPU Computing Toolkit/CUDA/v10.2/libnvvp:/mnt/c/Program Files (x86)/Common Files/Oracle/Java/javapath:/mnt/c/WINDOWS/system32:/mnt/c/WINDOWS:/mnt/c/WINDOWS/System32/Wbem:/mnt/c/WINDOWS/System32/WindowsPowerShell/v1.0/:/mnt/c/WINDOWS/System32/OpenSSH/:/mnt/c/Program Files (x86)/NVIDIA Corporation/PhysX/Common:/mnt/c/Program Files/NVIDIA Corporation/NVIDIA NvDLISR:/mnt/c/WINDOWS/system32:/mnt/c/WINDOWS:/mnt/c/WINDOWS/System32/Wbem:/mnt/c/WINDOWS/System32/WindowsPowerShell/v1.0/:/mnt/c/WINDOWS/System32/OpenSSH/:/mnt/c/Program Files/MySQL/MySQL Server 8.0/bin:/mnt/c/Program Files/NVIDIA Corporation/Nsight Compute 2019.5.0/:/mnt/c/Program Files/Java/jdk1.8.0_241/bin:/mnt/c/ProgramData/chocolatey/bin:/mnt/c/Program Files/Git/cmd:/mnt/c/Program Files/Docker/Docker/resources/bin:/mnt/c/ProgramData/DockerDesktop/version-bin:/mnt/c/Users/teome/anaconda3/Scripts:/mnt/c/Users/teome/anaconda3:/mnt/c/Users/teome/AppData/Local/Programs/Microsoft VS Code/bin:/mnt/c/Users/teome/AppData/Local/hyper/app-3.0.2/resources/bin:/mnt/c/tools/neovim/Neovim/bin
10 verbose lifecycle mern-social-network@1.0.0~server: CWD: /mnt/c/Users/teome/GoogleDrive/projects/MERN-Social-Network
11 silly lifecycle mern-social-network@1.0.0~server: Args: [ '-c', 'cd backend && node server.js' ]
12 silly lifecycle mern-social-network@1.0.0~server: Returned: code: 1  signal: null
13 info lifecycle mern-social-network@1.0.0~server: Failed to exec server script
14 verbose stack Error: mern-social-network@1.0.0 server: `cd backend && node server.js`
14 verbose stack Exit status 1
14 verbose stack     at EventEmitter.<anonymous> (/usr/share/npm/lib/utils/lifecycle.js:232:16)
14 verbose stack     at emitTwo (events.js:126:13)
14 verbose stack     at EventEmitter.emit (events.js:214:7)
14 verbose stack     at ChildProcess.<anonymous> (/usr/share/npm/lib/utils/spawn.js:24:14)
14 verbose stack     at emitTwo (events.js:126:13)
14 verbose stack     at ChildProcess.emit (events.js:214:7)
14 verbose stack     at maybeClose (internal/child_process.js:925:16)
14 verbose stack     at Process.ChildProcess._handle.onexit (internal/child_process.js:209:5)
15 verbose pkgid mern-social-network@1.0.0
16 verbose cwd /mnt/c/Users/teome/GoogleDrive/projects/MERN-Social-Network
17 error Linux 4.19.84-microsoft-standard
18 error argv "/usr/bin/node" "/usr/bin/npm" "run" "server"
19 error node v8.10.0
20 error npm  v3.5.2
21 error code ELIFECYCLE
22 error mern-social-network@1.0.0 server: `cd backend && node server.js`
22 error Exit status 1
23 error Failed at the mern-social-network@1.0.0 server script 'cd backend && node server.js'.
23 error Make sure you have the latest version of node.js and npm installed.
23 error If you do, this is most likely a problem with the mern-social-network package,
23 error not with npm itself.
23 error Tell the author that this fails on your system:
23 error     cd backend && node server.js
23 error You can get information on how to open an issue for this project with:
23 error     npm bugs mern-social-network
23 error Or if that isn't available, you can get their info via:
23 error     npm owner ls mern-social-network
23 error There is likely additional logging output above.
24 verbose exit [ 1, true ]
